<?xml version="1.0" encoding="UTF-8"?>
<!-- Generated by org.testng.reporters.JUnitXMLReporter -->
<testsuite ignored="5" hostname="LAPTOP-F8FEIEU7" failures="0" tests="0" time="0.014" errors="0" timestamp="2021-12-31T07:58:44 IST">
  <testcase classname="com.crm.autodesk.contact.NotifyOwnerBoxISEnableOrNotTest" name="NotifyOwner" time="0.0">
    <ignored/>
  </testcase> <!-- NotifyOwner -->
  <testcase classname="com.crm.autodesk.contact.CreateContactsTest" name="CreateContactTest" time="0.0">
    <ignored/>
  </testcase> <!-- CreateContactTest -->
  <testcase classname="com.crm.autodesk.org.CreateOrganizationTest" name="createOrgTest" time="0.0">
    <ignored/>
  </testcase> <!-- createOrgTest -->
  <testcase classname="com.crm.autodesk.org.CreateOrgTestWithIndAndTypeTest" name="CreateOrgWithind" time="0.0">
    <ignored/>
  </testcase> <!-- CreateOrgWithind -->
  <testcase classname="com.crm.autodesk.contact.PortalUserBoxIsEnbaleOrNotTest" name="PortalUserBoxTest" time="0.0">
    <ignored/>
  </testcase> <!-- PortalUserBoxTest -->
</testsuite>
