<?xml version="1.0" encoding="UTF-8"?>
<testng-results ignored="0" total="1" passed="1" failed="0" skipped="0">
  <reporter-output>
  </reporter-output>
  <suite started-at="2021-12-30T00:18:42 IST" name="Suite" finished-at="2021-12-30T00:20:59 IST" duration-ms="137289">
    <groups>
    </groups>
    <test started-at="2021-12-30T00:18:42 IST" name="Test" finished-at="2021-12-30T00:20:59 IST" duration-ms="137289">
      <class name="PracticeTest.CreateOrganizationTest">
        <test-method is-config="true" signature="dbConnection()[pri:0, instance:PracticeTest.CreateOrganizationTest@3835c46]" started-at="2021-12-30T00:18:42 IST" name="dbConnection" finished-at="2021-12-30T00:18:42 IST" duration-ms="45" status="PASS">
          <reporter-output>
          </reporter-output>
        </test-method> <!-- dbConnection -->
        <test-method is-config="true" signature="lunchBrowser()[pri:0, instance:PracticeTest.CreateOrganizationTest@3835c46]" started-at="2021-12-30T00:18:42 IST" name="lunchBrowser" finished-at="2021-12-30T00:19:55 IST" duration-ms="73017" status="PASS">
          <reporter-output>
          </reporter-output>
        </test-method> <!-- lunchBrowser -->
        <test-method is-config="true" signature="loginToApp()[pri:0, instance:PracticeTest.CreateOrganizationTest@3835c46]" started-at="2021-12-30T00:19:55 IST" name="loginToApp" finished-at="2021-12-30T00:20:21 IST" duration-ms="25789" status="PASS">
          <reporter-output>
          </reporter-output>
        </test-method> <!-- loginToApp -->
        <test-method signature="createOrgTest()[pri:0, instance:PracticeTest.CreateOrganizationTest@3835c46]" started-at="2021-12-30T00:20:21 IST" name="createOrgTest" finished-at="2021-12-30T00:20:55 IST" duration-ms="34399" status="PASS">
          <reporter-output>
          </reporter-output>
        </test-method> <!-- createOrgTest -->
        <test-method is-config="true" signature="logoutFromApp()[pri:0, instance:PracticeTest.CreateOrganizationTest@3835c46]" started-at="2021-12-30T00:20:55 IST" name="logoutFromApp" finished-at="2021-12-30T00:20:57 IST" duration-ms="2030" status="PASS">
          <reporter-output>
          </reporter-output>
        </test-method> <!-- logoutFromApp -->
        <test-method is-config="true" signature="closeBrowser()[pri:0, instance:PracticeTest.CreateOrganizationTest@3835c46]" started-at="2021-12-30T00:20:57 IST" name="closeBrowser" finished-at="2021-12-30T00:20:59 IST" duration-ms="1912" status="PASS">
          <reporter-output>
          </reporter-output>
        </test-method> <!-- closeBrowser -->
        <test-method is-config="true" signature="closeDBConnection()[pri:0, instance:PracticeTest.CreateOrganizationTest@3835c46]" started-at="2021-12-30T00:21:00 IST" name="closeDBConnection" finished-at="2021-12-30T00:21:00 IST" duration-ms="0" status="PASS">
          <reporter-output>
          </reporter-output>
        </test-method> <!-- closeDBConnection -->
      </class> <!-- PracticeTest.CreateOrganizationTest -->
    </test> <!-- Test -->
  </suite> <!-- Suite -->
</testng-results>
