<?xml version="1.0" encoding="UTF-8"?>
<testng-results ignored="0" total="1" passed="1" failed="0" skipped="0">
  <reporter-output>
  </reporter-output>
  <suite started-at="2021-12-29T14:46:30 IST" name="Suite" finished-at="2021-12-29T14:48:37 IST" duration-ms="127474">
    <groups>
    </groups>
    <test started-at="2021-12-29T14:46:30 IST" name="Test" finished-at="2021-12-29T14:48:37 IST" duration-ms="127474">
      <class name="PracticeTest.CreateOrganizationTest">
        <test-method is-config="true" signature="dbConnection()[pri:0, instance:PracticeTest.CreateOrganizationTest@7ed7259e]" started-at="2021-12-29T14:46:30 IST" name="dbConnection" finished-at="2021-12-29T14:46:30 IST" duration-ms="32" status="PASS">
          <reporter-output>
          </reporter-output>
        </test-method> <!-- dbConnection -->
        <test-method is-config="true" signature="lunchBrowser()[pri:0, instance:PracticeTest.CreateOrganizationTest@7ed7259e]" started-at="2021-12-29T14:46:30 IST" name="lunchBrowser" finished-at="2021-12-29T14:47:29 IST" duration-ms="59115" status="PASS">
          <reporter-output>
          </reporter-output>
        </test-method> <!-- lunchBrowser -->
        <test-method is-config="true" signature="loginToApp()[pri:0, instance:PracticeTest.CreateOrganizationTest@7ed7259e]" started-at="2021-12-29T14:47:29 IST" name="loginToApp" finished-at="2021-12-29T14:48:02 IST" duration-ms="33057" status="PASS">
          <reporter-output>
          </reporter-output>
        </test-method> <!-- loginToApp -->
        <test-method signature="createOrgTest()[pri:0, instance:PracticeTest.CreateOrganizationTest@7ed7259e]" started-at="2021-12-29T14:48:02 IST" name="createOrgTest" finished-at="2021-12-29T14:48:28 IST" duration-ms="26064" status="PASS">
          <reporter-output>
          </reporter-output>
        </test-method> <!-- createOrgTest -->
        <test-method is-config="true" signature="logoutFromApp()[pri:0, instance:PracticeTest.CreateOrganizationTest@7ed7259e]" started-at="2021-12-29T14:48:28 IST" name="logoutFromApp" finished-at="2021-12-29T14:48:32 IST" duration-ms="4043" status="PASS">
          <reporter-output>
          </reporter-output>
        </test-method> <!-- logoutFromApp -->
        <test-method is-config="true" signature="closeBrowser()[pri:0, instance:PracticeTest.CreateOrganizationTest@7ed7259e]" started-at="2021-12-29T14:48:32 IST" name="closeBrowser" finished-at="2021-12-29T14:48:37 IST" duration-ms="4992" status="PASS">
          <reporter-output>
          </reporter-output>
        </test-method> <!-- closeBrowser -->
        <test-method is-config="true" signature="closeDBConnection()[pri:0, instance:PracticeTest.CreateOrganizationTest@7ed7259e]" started-at="2021-12-29T14:48:39 IST" name="closeDBConnection" finished-at="2021-12-29T14:48:39 IST" duration-ms="0" status="PASS">
          <reporter-output>
          </reporter-output>
        </test-method> <!-- closeDBConnection -->
      </class> <!-- PracticeTest.CreateOrganizationTest -->
    </test> <!-- Test -->
  </suite> <!-- Suite -->
</testng-results>
